<?xml version="1.0" encoding="UTF-8"?>
<!-- Generated by org.testng.reporters.JUnitXMLReporter -->
<testsuite ignored="0" hostname="DESKTOP-7E2E9OD" failures="0" tests="5" name="Find New Cars Test" time="13.261" errors="0" timestamp="2023-03-19T21:44:00 EDT">
  <testcase classname="api.test.UserTests2" name="testPostUser" time="9.909"/>
  <testcase classname="api.test.UserTests2" name="testPostUser" time="0.224"/>
  <testcase classname="api.test.UserTests2" name="testGetUserByName" time="0.216"/>
  <testcase classname="api.test.UserTests2" name="testUpdateUserByName" time="0.792"/>
  <testcase classname="api.test.UserTests2" name="testDeleteUserByName" time="0.176"/>
</testsuite> <!-- Find New Cars Test -->
