<?xml version="1.0" encoding="UTF-8"?>
<testng-results ignored="0" total="5" passed="5" failed="0" skipped="0">
  <reporter-output>
  </reporter-output>
  <suite started-at="2023-03-19T21:43:47 EDT" name="Data Driven Framework" finished-at="2023-03-19T21:44:00 EDT" duration-ms="13261">
    <groups>
    </groups>
    <test started-at="2023-03-19T21:43:47 EDT" name="Find New Cars Test" finished-at="2023-03-19T21:44:00 EDT" duration-ms="13261">
      <class name="api.test.UserTests2">
        <test-method signature="testPostUser(java.util.Hashtable)[pri:1, instance:api.test.UserTests2@305b7c14]" started-at="2023-03-19T21:43:49 EDT" name="testPostUser" data-provider="dp" finished-at="2023-03-19T21:43:59 EDT" duration-ms="9909" status="PASS">
          <params>
            <param index="0">
              <value>
                <![CDATA[{UserID=1010, FirstName=John, Password=test@1, LastName=Candy, Phone=123456789, UserName=testuser1, Email=a@gmail.com}]]>
              </value>
            </param>
          </params>
          <reporter-output>
          </reporter-output>
        </test-method> <!-- testPostUser -->
        <test-method signature="testPostUser(java.util.Hashtable)[pri:1, instance:api.test.UserTests2@305b7c14]" started-at="2023-03-19T21:43:59 EDT" name="testPostUser" data-provider="dp" finished-at="2023-03-19T21:43:59 EDT" duration-ms="224" status="PASS">
          <params>
            <param index="0">
              <value>
                <![CDATA[{UserID=1020, FirstName=David, Password=test@2, LastName=Go, Phone=132456789, UserName=testuser2, Email=b@gmail.com}]]>
              </value>
            </param>
          </params>
          <reporter-output>
          </reporter-output>
        </test-method> <!-- testPostUser -->
        <test-method signature="testGetUserByName()[pri:2, instance:api.test.UserTests2@305b7c14]" started-at="2023-03-19T21:43:59 EDT" name="testGetUserByName" finished-at="2023-03-19T21:43:59 EDT" duration-ms="216" status="PASS">
          <reporter-output>
          </reporter-output>
        </test-method> <!-- testGetUserByName -->
        <test-method signature="testUpdateUserByName()[pri:3, instance:api.test.UserTests2@305b7c14]" started-at="2023-03-19T21:43:59 EDT" name="testUpdateUserByName" finished-at="2023-03-19T21:44:00 EDT" duration-ms="792" status="PASS">
          <reporter-output>
          </reporter-output>
        </test-method> <!-- testUpdateUserByName -->
        <test-method signature="testDeleteUserByName()[pri:4, instance:api.test.UserTests2@305b7c14]" started-at="2023-03-19T21:44:00 EDT" name="testDeleteUserByName" finished-at="2023-03-19T21:44:00 EDT" duration-ms="176" status="PASS">
          <reporter-output>
          </reporter-output>
        </test-method> <!-- testDeleteUserByName -->
      </class> <!-- api.test.UserTests2 -->
    </test> <!-- Find New Cars Test -->
  </suite> <!-- Data Driven Framework -->
</testng-results>
